fnsf
sdf
sdf
sdf
sdf
sd
