fnsf
sdf
sdf
sdf
sdf
sdfs
ryrtyrty
twet
ter
