fnsf
sdf
sdf
sdf
sdf
sdfs
